Flutter crash report; please file at https://github.com/flutter/flutter/issues.

## command

flutter upgrade

## exception

UnsupportedError: Unsupported operation: Cannot modify unmodifiable map

```
#0      _UnmodifiableMapMixin.[]= (dart:collection/maps.dart:262:5)
#1      _DefaultProcessUtils._environment (package:flutter_tools/src/base/process.dart:516:20)
#2      _DefaultProcessUtils.start (package:flutter_tools/src/base/process.dart:415:20)
#3      _DefaultProcessUtils.stream (package:flutter_tools/src/base/process.dart:430:35)
<asynchronous suspension>
#4      UpgradeCommandRunner.flutterUpgradeContinue (package:flutter_tools/src/commands/upgrade.dart:125:41)
<asynchronous suspension>
#5      UpgradeCommandRunner.runCommandFirstHalf (package:flutter_tools/src/commands/upgrade.dart:121:11)
<asynchronous suspension>
#6      UpgradeCommandRunner.runCommand (package:flutter_tools/src/commands/upgrade.dart:76:13)
<asynchronous suspension>
#7      UpgradeCommand.runCommand (package:flutter_tools/src/commands/upgrade.dart:56:32)
<asynchronous suspension>
#8      FlutterCommand.verifyThenRunCommand (package:flutter_tools/src/runner/flutter_command.dart:519:18)
#9      _asyncThenWrapperHelper.<anonymous closure> (dart:async-patch/async_patch.dart:71:64)
#10     _rootRunUnary (dart:async/zone.dart:1132:38)
#11     _CustomZone.runUnary (dart:async/zone.dart:1029:19)
#12     _FutureListener.handleValue (dart:async/future_impl.dart:137:18)
#13     Future._propagateToListeners.handleValueCallback (dart:async/future_impl.dart:678:45)
#14     Future._propagateToListeners (dart:async/future_impl.dart:707:32)
#15     Future._completeWithValue (dart:async/future_impl.dart:522:5)
#16     Future._asyncComplete.<anonymous closure> (dart:async/future_impl.dart:552:7)
#17     _rootRun (dart:async/zone.dart:1124:13)
#18     _CustomZone.run (dart:async/zone.dart:1021:19)
#19     _CustomZone.runGuarded (dart:async/zone.dart:923:7)
#20     _CustomZone.bindCallbackGuarded.<anonymous closure> (dart:async/zone.dart:963:23)
#21     _microtaskLoop (dart:async/schedule_microtask.dart:41:21)
#22     _startMicrotaskLoop (dart:async/schedule_microtask.dart:50:5)
#23     _runPendingImmediateCallback (dart:isolate-patch/isolate_patch.dart:116:13)
#24     _RawReceivePortImpl._handleMessage (dart:isolate-patch/isolate_patch.dart:173:5)
```

## flutter doctor

```
[32m[✓][39m Flutter (Channel master, v1.10.3-pre.69, on Microsoft Windows [Version 10.0.18362.295], locale pl-PL)
    [32m•[39m Flutter version 1.10.3-pre.69 at P:\FlutterSDK\flutter
    [32m•[39m Framework revision 6d18c20a95 (42 minutes ago), 2019-09-17 08:48:27 -0700
    [32m•[39m Engine revision 63873d9f42
    [32m•[39m Dart version 2.6.0 (build 2.6.0-dev.1.0 7799f424f4)

[33m[!][39m Android toolchain - develop for Android devices (Android SDK version 29.0.1)
    [32m•[39m Android SDK at C:\Users\battn\AppData\Local\Android\sdk
    [32m•[39m Android NDK location not configured (optional; useful for native profiling support)
    [32m•[39m Platform android-29, build-tools 29.0.1
    [32m•[39m Java binary at: P:\Android Studio\jre\bin\java
    [32m•[39m Java version OpenJDK Runtime Environment (build 1.8.0_152-release-1343-b01)
    [33m![39m Some Android licenses not accepted.  To resolve this, run: flutter doctor --android-licenses

[32m[✓][39m Chrome - develop for the web
    [32m•[39m Chrome at C:\Program Files (x86)\Google\Chrome\Application\chrome.exe

[32m[✓][39m Android Studio (version 3.4)
    [32m•[39m Android Studio at P:\Android Studio
    [32m•[39m Flutter plugin version 39.0.1
    [32m•[39m Dart plugin version 183.6270
    [32m•[39m Java version OpenJDK Runtime Environment (build 1.8.0_152-release-1343-b01)

[33m[!][39m IntelliJ IDEA Ultimate Edition (version 2019.1)
    [32m•[39m IntelliJ at P:\IntelliJ\IntelliJ IDEA 2019.1.2
    [31m✗[39m Flutter plugin not installed; this adds Flutter specific functionality.
    [31m✗[39m Dart plugin not installed; this adds Dart specific functionality.
    [32m•[39m For information about installing plugins, see
      https://flutter.dev/intellij-setup/#installing-the-plugins

[32m[✓][39m Connected device (2 available)
    [32m•[39m Chrome • chrome • web-javascript • Google Chrome 76.0.3809.132
    [32m•[39m Server • web    • web-javascript • Flutter Tools

[33m![39m Doctor found issues in 2 categories.
```
